<?xml version="1.0" encoding="UTF-8"?>
<!-- Generated by org.testng.reporters.JUnitReportReporter -->
<testsuite hostname="DESKTOP-K20S65F" failures="0" tests="1" name="Naukri" time="4.775" errors="0" timestamp="2025-02-24T01:52:38 IST" skipped="0">
  <testcase classname="Naukri" name="testNaukriAutomation" time="4.775"/>
</testsuite> <!-- Naukri -->
