<?xml version="1.0" encoding="UTF-8"?>
<testsuite name="Naukri" tests="1" skipped="0" failures="0" errors="0" timestamp="2025-02-20T17:04:05" hostname="DESKTOP-K20S65F" time="4.639">
  <properties/>
  <testcase name="testNaukriAutomation" classname="Naukri" time="4.639"/>
  <system-out><![CDATA[Profile updated successfully!
]]></system-out>
  <system-err><![CDATA[Feb 20, 2025 10:34:02 PM org.openqa.selenium.devtools.CdpVersionFinder findNearestMatch
WARNING: Unable to find an exact match for CDP version 132, returning the closest version; found: 131; Please update to a Selenium version that supports CDP version 132
]]></system-err>
</testsuite>
